SF:/scratch/alex/git/TGC-VP-Internal/fw/bsp/env/start.S
DA:17,1
DA:19,1
DA:20,1
DA:21,1
DA:23,1
DA:24,1
DA:25,1
DA:26,1
DA:28,26
DA:29,26
DA:30,26
DA:31,26
DA:32,26
DA:36,1
DA:37,1
DA:38,1
DA:40,38
DA:41,38
DA:42,38
DA:46,1
DA:47,1
DA:48,1
DA:50,1
DA:51,1
DA:53,1
DA:59,1
DA:60,1
DA:61,1
DA:62,1
end_of_record
SF:/scratch/alex/git/TGC-VP-Internal/fw/hello-world/hello.c
DA:20,1
DA:21,1
DA:19,1
DA:10,1
DA:11,1
DA:12,10
DA:11,10
DA:14,1
DA:23,1
DA:22,1
DA:24,1
DA:26,1
end_of_record
SF:/scratch/riscv-gcc/libgcc/config/riscv/muldi3.S
DA:37,10
DA:38,10
DA:40,29
DA:41,29
DA:42,17
DA:44,29
DA:45,29
DA:46,29
DA:47,10
end_of_record
SF:/scratch/alex/git/TGC-VP-Internal/fw/bsp/libwrap/sys/printf.c
DA:250,2
DA:252,2
DA:254,2
DA:93,2
DA:102,2
DA:143,2
DA:143,3
DA:102,3
DA:102,33
DA:103,32
DA:106,30
DA:105,30
DA:13,37
DA:14,37
DA:15,37
DA:108,1
DA:112,1
DA:114,1
DA:113,1
DA:118,1
DA:37,1
DA:200,1
DA:202,1
DA:48,1
DA:49,1
DA:51,6
DA:48,6
DA:49,6
DA:54,1
DA:58,7
DA:57,7
DA:54,6
DA:57,1
DA:247,2
DA:258,2
end_of_record
SF:/scratch/alex/git/TGC-VP-Internal/fw/bsp/libwrap/sys/write.c
DA:13,48
DA:16,48
DA:17,48
DA:18,48
DA:21,48
DA:23,48
DA:18,77
DA:19,77
DA:21,77
DA:17,77
DA:26,48
DA:30,48
DA:22,3
DA:23,3
end_of_record
SF:/scratch/alex/git/TGC-VP-Internal/fw/bsp/libwrap/sys/isatty.c
DA:8,48
DA:12,48
end_of_record
SF:/scratch/riscv-gcc/libgcc/config/riscv/div.S
DA:101,7
DA:102,7
DA:74,13
DA:75,13
DA:76,13
DA:77,13
DA:78,13
DA:79,13
DA:81,128
DA:82,128
DA:83,128
DA:84,128
DA:86,13
DA:88,141
DA:92,141
DA:93,141
DA:94,141
DA:89,54
DA:90,54
DA:96,13
DA:103,7
DA:104,7
end_of_record
SF:/scratch/alex/git/TGC-VP-Internal/fw/bsp/libwrap/sys/_exit.c
DA:9,1
DA:8,1
DA:11,1
DA:12,1
DA:13,1
end_of_record
SF:/scratch/alex/git/TGC-VP-Internal/fw/bsp/libwrap/misc/write_hex.c
DA:8,1
DA:12,1
DA:15,1
DA:16,1
DA:13,1
DA:15,8
DA:16,8
DA:17,8
DA:13,8
DA:19,1
end_of_record
